sms_from: 12345679810
sms_to: 11252325232
time: 2022-08-02 11:18:46
Message : 
-------------------------
sms_from: 12345679810
sms_to: 11252325232
time: 2022-08-02 11:18:56
Message : 
-------------------------
sms_from: 12345679810
sms_to: 11252325232
time: 2022-08-02 11:19:06
Message : 
-------------------------
sms_from: 12345679810
sms_to: 11252325232
time: 2022-08-02 11:19:16
Message : 
-------------------------
sms_from: 12345679810
sms_to: 11252325232
time: 2022-08-02 11:19:26
Message : 
-------------------------
sms_from: 12345679810
sms_to: 11252325232
time: 2022-08-02 11:19:36
Message : 
-------------------------
sms_from: 12345679810
sms_to: 11252325232
time: 2022-08-02 11:19:46
Message : 
-------------------------
sms_from: 12345679810
sms_to: 11252325232
time: 2022-08-02 11:19:56
Message : 
-------------------------
sms_from: 12345679810
sms_to: 11252325232
time: 2022-08-02 11:20:06
Message : 
-------------------------
sms_from: 12345679810
sms_to: 11252325232
time: 2022-08-02 11:20:16
Message : 
-------------------------
sms_from: 12345679810
sms_to: 01722432578
time: 2022-08-02 14:13:59
Message : 
-------------------------
sms_from: 12345679810
sms_to: 1252325232
time: 2022-08-02 14:13:59
Message : 
-------------------------
sms_from: 12345679810
sms_to: 1252325232
time: 2022-08-02 14:14:09
Message : 
-------------------------
sms_from: 12345679810
sms_to: 1252325232
time: 2022-08-02 14:14:19
Message : 
-------------------------
